[debug] [2025-04-22T08:28:28.297Z] ----------------------------------------------------------------------
[debug] [2025-04-22T08:28:28.301Z] Command:       C:\Program Files\nodejs\node.exe C:\Users\Rirhc\Desktop\CU cedt\Year_1\Semester 2\Software Engineering\Assigment-11-2\GitHubActionPractice\node_modules\firebase-tools\lib\bin\firebase.js emulators:start
[debug] [2025-04-22T08:28:28.302Z] CLI Version:   14.2.0
[debug] [2025-04-22T08:28:28.302Z] Platform:      win32
[debug] [2025-04-22T08:28:28.302Z] Node Version:  v22.14.0
[debug] [2025-04-22T08:28:28.302Z] Time:          Tue Apr 22 2025 15:28:28 GMT+0700 (Indochina Time)
[debug] [2025-04-22T08:28:28.303Z] ----------------------------------------------------------------------
[debug] 
[debug] [2025-04-22T08:28:28.636Z] > command requires scopes: ["email","openid","https://www.googleapis.com/auth/cloudplatformprojects.readonly","https://www.googleapis.com/auth/firebase","https://www.googleapis.com/auth/cloud-platform"]
[debug] [2025-04-22T08:28:28.637Z] > authorizing via signed-in user (rirhcceez@gmail.com)
[info] i  emulators: Starting emulators: hosting {"metadata":{"emulator":{"name":"hub"},"message":"Starting emulators: hosting"}}
[debug] [2025-04-22T08:28:28.652Z] [logging] Logging Emulator only supports listening on one address (127.0.0.1). Not listening on ::1
[debug] [2025-04-22T08:28:28.652Z] [hosting] Hosting Emulator only supports listening on one address (127.0.0.1). Not listening on ::1
[debug] [2025-04-22T08:28:28.653Z] assigned listening specs for emulators {"user":{"hub":[{"address":"127.0.0.1","family":"IPv4","port":4400},{"address":"::1","family":"IPv6","port":4400}],"logging":[{"address":"127.0.0.1","family":"IPv4","port":4500}],"hosting":[{"address":"127.0.0.1","family":"IPv4","port":5000}]},"metadata":{"message":"assigned listening specs for emulators"}}
[debug] [2025-04-22T08:28:28.660Z] [hub] writing locator at C:\Users\Rirhc\AppData\Local\Temp\hub-fireship-lessons.json
[debug] [2025-04-22T08:28:28.689Z] Checked if tokens are valid: false, expires at: 1745311291057
[debug] [2025-04-22T08:28:28.689Z] Checked if tokens are valid: false, expires at: 1745311291057
[debug] [2025-04-22T08:28:28.690Z] > refreshing access token with scopes: []
[debug] [2025-04-22T08:28:28.692Z] >>> [apiv2][query] POST https://www.googleapis.com/oauth2/v3/token [none]
[debug] [2025-04-22T08:28:28.692Z] >>> [apiv2][body] POST https://www.googleapis.com/oauth2/v3/token [omitted]
[debug] [2025-04-22T08:28:28.831Z] <<< [apiv2][status] POST https://www.googleapis.com/oauth2/v3/token 200
[debug] [2025-04-22T08:28:28.832Z] <<< [apiv2][body] POST https://www.googleapis.com/oauth2/v3/token [omitted]
[debug] [2025-04-22T08:28:28.841Z] >>> [apiv2][query] GET https://firebasehosting.googleapis.com/v1beta1/projects/fireship-lessons/sites 
[debug] [2025-04-22T08:28:29.558Z] <<< [apiv2][status] GET https://firebasehosting.googleapis.com/v1beta1/projects/fireship-lessons/sites 403
[debug] [2025-04-22T08:28:29.558Z] <<< [apiv2][body] GET https://firebasehosting.googleapis.com/v1beta1/projects/fireship-lessons/sites {"error":{"code":403,"message":"Permission 'firebasehosting.sites.get' denied on resource 'projects/fireship-lessons' (or it may not exist)","status":"PERMISSION_DENIED"}}
[debug] [2025-04-22T08:28:29.559Z] Failed to list hosting sites
[debug] Request to https://firebasehosting.googleapis.com/v1beta1/projects/fireship-lessons/sites had HTTP Error: 403, Permission 'firebasehosting.sites.get' denied on resource 'projects/fireship-lessons' (or it may not exist)
[debug] [2025-04-22T08:28:29.559Z] Checked if tokens are valid: true, expires at: 1745314107832
[debug] [2025-04-22T08:28:29.559Z] Checked if tokens are valid: true, expires at: 1745314107832
[debug] [2025-04-22T08:28:29.559Z] >>> [apiv2][query] GET https://firebase.googleapis.com/v1beta1/projects/fireship-lessons/webApps/-/config [none]
[debug] [2025-04-22T08:28:29.950Z] <<< [apiv2][status] GET https://firebase.googleapis.com/v1beta1/projects/fireship-lessons/webApps/-/config 403
[debug] [2025-04-22T08:28:29.950Z] <<< [apiv2][body] GET https://firebase.googleapis.com/v1beta1/projects/fireship-lessons/webApps/-/config {"error":{"code":403,"message":"The caller does not have permission","status":"PERMISSION_DENIED"}}
[debug] [2025-04-22T08:28:29.950Z] fetchWebSetup error: FirebaseError: Request to https://firebase.googleapis.com/v1beta1/projects/fireship-lessons/webApps/-/config had HTTP Error: 403, The caller does not have permission
[warn] !  hosting: Authentication error when trying to fetch your current web app configuration, have you run firebase login? 
[warn] !  hosting: Could not fetch web app configuration and there is no cached configuration on this machine. Check your internet connection and make sure you are authenticated. To continue, you must call firebase.initializeApp({...}) in your code before using Firebase. 
[debug] [2025-04-22T08:28:29.953Z] Checked if tokens are valid: true, expires at: 1745314107832
[debug] [2025-04-22T08:28:29.954Z] Checked if tokens are valid: true, expires at: 1745314107832
[debug] [2025-04-22T08:28:29.954Z] >>> [apiv2][query] GET https://firebase.googleapis.com/v1beta1/projects/fireship-lessons [none]
[debug] [2025-04-22T08:28:30.341Z] <<< [apiv2][status] GET https://firebase.googleapis.com/v1beta1/projects/fireship-lessons 403
[debug] [2025-04-22T08:28:30.341Z] <<< [apiv2][body] GET https://firebase.googleapis.com/v1beta1/projects/fireship-lessons {"error":{"code":403,"message":"The caller does not have permission","status":"PERMISSION_DENIED"}}
[debug] [2025-04-22T08:28:30.341Z] Request to https://firebase.googleapis.com/v1beta1/projects/fireship-lessons had HTTP Error: 403, The caller does not have permission
[info] i  hosting[fireship-lessons]: Serving hosting files from: public {"metadata":{"emulator":{"name":"hosting"},"message":"Serving hosting files from: \u001b[1mpublic\u001b[22m"}}
[info] +  hosting[fireship-lessons]: Local server: http://127.0.0.1:5000 {"metadata":{"emulator":{"name":"hosting"},"message":"Local server: \u001b[4m\u001b[1mhttp://127.0.0.1:5000\u001b[22m\u001b[24m"}}
[warn] !  emulators: The Emulator UI is not starting, either because none of the running emulators have a UI component or the Emulator UI cannot determine the Project ID. Pass the --project flag to specify a project. {"metadata":{"emulator":{"name":"hub"},"message":"The Emulator UI is not starting, either because none of the running emulators have a UI component or the Emulator UI cannot determine the Project ID. Pass the --project flag to specify a project."}}
[debug] [2025-04-22T08:28:30.377Z] Could not find VSCode notification endpoint: FetchError: request to http://localhost:40001/vscode/notify failed, reason: . If you are not running the Firebase Data Connect VSCode extension, this is expected and not an issue.
[info] 
┌─────────────────────────────────────────────────────────────┐
│ ✔  All emulators ready! It is now safe to connect your app. │
└─────────────────────────────────────────────────────────────┘

┌──────────┬────────────────┐
│ Emulator │ Host:Port      │
├──────────┼────────────────┤
│ Hosting  │ 127.0.0.1:5000 │
└──────────┴────────────────┘
  Emulator Hub host: 127.0.0.1 port: 4400
  Other reserved ports: 4500

Issues? Report them at https://github.com/firebase/firebase-tools/issues and attach the *-debug.log files.
 
